<?xml version="1.0" encoding="UTF-8"?>
<!-- Generated by org.testng.reporters.JUnitReportReporter -->
<testsuite hostname="Vikas" failures="0" tests="1" name="testCases.TC001_AccountRegistraionTest" time="2.603" errors="0" timestamp="2025-08-18T14:11:37 IST" skipped="0">
  <testcase classname="testCases.TC001_AccountRegistraionTest" name="verify_account_registration" time="2.603"/>
</testsuite> <!-- testCases.TC001_AccountRegistraionTest -->
